-------------------------------------------------------------------------------
Test set: ca.jrvs.apps.twitter.Controller.TwitterControllerUnitTest
-------------------------------------------------------------------------------
Tests run: 6, Failures: 0, Errors: 6, Skipped: 0, Time elapsed: 0.016 s <<< FAILURE! - in ca.jrvs.apps.twitter.Controller.TwitterControllerUnitTest
showTweet(ca.jrvs.apps.twitter.Controller.TwitterControllerUnitTest)  Time elapsed: 0 s  <<< ERROR!
java.lang.NullPointerException
	at ca.jrvs.apps.twitter.Controller.TwitterControllerUnitTest.showTweet(TwitterControllerUnitTest.java:43)

showTweet(ca.jrvs.apps.twitter.Controller.TwitterControllerUnitTest)  Time elapsed: 0.015 s  <<< ERROR!
org.mockito.exceptions.misusing.InvalidUseOfMatchersException: 

Misplaced or misused argument matcher detected here:

-> at ca.jrvs.apps.twitter.Controller.TwitterControllerUnitTest.showTweet(TwitterControllerUnitTest.java:43)
-> at ca.jrvs.apps.twitter.Controller.TwitterControllerUnitTest.showTweet(TwitterControllerUnitTest.java:43)

You cannot use argument matchers outside of verification or stubbing.
Examples of correct usage of argument matchers:
    when(mock.get(anyInt())).thenReturn(null);
    doThrow(new RuntimeException()).when(mock).someVoidMethod(anyObject());
    verify(mock).someMethod(contains("foo"))

This message may appear after an NullPointerException if the last matcher is returning an object 
like any() but the stubbed method signature expect a primitive argument, in this case,
use primitive alternatives.
    when(mock.get(any())); // bad use, will raise NPE
    when(mock.get(anyInt())); // correct usage use

Also, this error might show up because you use argument matchers with methods that cannot be mocked.
Following methods *cannot* be stubbed/verified: final/private/equals()/hashCode().
Mocking methods declared on non-public parent classes is not supported.


deleteTweet(ca.jrvs.apps.twitter.Controller.TwitterControllerUnitTest)  Time elapsed: 0 s  <<< ERROR!
java.lang.NullPointerException
	at ca.jrvs.apps.twitter.Controller.TwitterControllerUnitTest.deleteTweet(TwitterControllerUnitTest.java:58)

deleteTweet(ca.jrvs.apps.twitter.Controller.TwitterControllerUnitTest)  Time elapsed: 0 s  <<< ERROR!
org.mockito.exceptions.misusing.InvalidUseOfMatchersException: 

Misplaced or misused argument matcher detected here:

-> at ca.jrvs.apps.twitter.Controller.TwitterControllerUnitTest.deleteTweet(TwitterControllerUnitTest.java:58)

You cannot use argument matchers outside of verification or stubbing.
Examples of correct usage of argument matchers:
    when(mock.get(anyInt())).thenReturn(null);
    doThrow(new RuntimeException()).when(mock).someVoidMethod(anyObject());
    verify(mock).someMethod(contains("foo"))

This message may appear after an NullPointerException if the last matcher is returning an object 
like any() but the stubbed method signature expect a primitive argument, in this case,
use primitive alternatives.
    when(mock.get(any())); // bad use, will raise NPE
    when(mock.get(anyInt())); // correct usage use

Also, this error might show up because you use argument matchers with methods that cannot be mocked.
Following methods *cannot* be stubbed/verified: final/private/equals()/hashCode().
Mocking methods declared on non-public parent classes is not supported.


postTweet(ca.jrvs.apps.twitter.Controller.TwitterControllerUnitTest)  Time elapsed: 0 s  <<< ERROR!
java.lang.NullPointerException
	at ca.jrvs.apps.twitter.Controller.TwitterControllerUnitTest.postTweet(TwitterControllerUnitTest.java:31)

postTweet(ca.jrvs.apps.twitter.Controller.TwitterControllerUnitTest)  Time elapsed: 0.001 s  <<< ERROR!
org.mockito.exceptions.misusing.InvalidUseOfMatchersException: 

Misplaced or misused argument matcher detected here:

-> at ca.jrvs.apps.twitter.Controller.TwitterControllerUnitTest.postTweet(TwitterControllerUnitTest.java:31)

You cannot use argument matchers outside of verification or stubbing.
Examples of correct usage of argument matchers:
    when(mock.get(anyInt())).thenReturn(null);
    doThrow(new RuntimeException()).when(mock).someVoidMethod(anyObject());
    verify(mock).someMethod(contains("foo"))

This message may appear after an NullPointerException if the last matcher is returning an object 
like any() but the stubbed method signature expect a primitive argument, in this case,
use primitive alternatives.
    when(mock.get(any())); // bad use, will raise NPE
    when(mock.get(anyInt())); // correct usage use

Also, this error might show up because you use argument matchers with methods that cannot be mocked.
Following methods *cannot* be stubbed/verified: final/private/equals()/hashCode().
Mocking methods declared on non-public parent classes is not supported.


