-------------------------------------------------------------------------------
Test set: ca.jrvs.apps.twitter.CrdDao.TwitterDaoIntTest
-------------------------------------------------------------------------------
Tests run: 3, Failures: 0, Errors: 3, Skipped: 0, Time elapsed: 0.018 s <<< FAILURE! - in ca.jrvs.apps.twitter.CrdDao.TwitterDaoIntTest
create(ca.jrvs.apps.twitter.CrdDao.TwitterDaoIntTest)  Time elapsed: 0 s  <<< ERROR!
java.lang.RuntimeException: Failed to execute
	at ca.jrvs.apps.twitter.CrdDao.TwitterDaoIntTest.create(TwitterDaoIntTest.java:52)
Caused by: oauth.signpost.exception.OAuthExpectationFailedException: consumer key not set
	at ca.jrvs.apps.twitter.CrdDao.TwitterDaoIntTest.create(TwitterDaoIntTest.java:52)

findById(ca.jrvs.apps.twitter.CrdDao.TwitterDaoIntTest)  Time elapsed: 0.017 s  <<< ERROR!
java.lang.RuntimeException: Failed to execute
	at ca.jrvs.apps.twitter.CrdDao.TwitterDaoIntTest.findById(TwitterDaoIntTest.java:70)
Caused by: oauth.signpost.exception.OAuthExpectationFailedException: consumer key not set
	at ca.jrvs.apps.twitter.CrdDao.TwitterDaoIntTest.findById(TwitterDaoIntTest.java:70)

deleteById(ca.jrvs.apps.twitter.CrdDao.TwitterDaoIntTest)  Time elapsed: 0 s  <<< ERROR!
java.lang.RuntimeException: Failed to execute
	at ca.jrvs.apps.twitter.CrdDao.TwitterDaoIntTest.deleteById(TwitterDaoIntTest.java:94)
Caused by: oauth.signpost.exception.OAuthExpectationFailedException: consumer key not set
	at ca.jrvs.apps.twitter.CrdDao.TwitterDaoIntTest.deleteById(TwitterDaoIntTest.java:94)

